2013-09-07 16:04:37.216 WePicIt[14991:c07] Multi-tasking -> Device: YES, App: YES
2013-09-07 16:04:38.358 WePicIt[14991:c07] Resetting plugins due to page load.
2013-09-07 16:04:38.770 WePicIt[14991:c07] Finished load of: file:///Users/sudheeshkatkam/Library/Application%20Support/iPhone%20Simulator/6.1/Applications/6EC0A860-712E-41A6-8A2A-D2B796087227/WePicIt.app/www/index.html
Terminating in response to SpringBoard's termination.
2013-09-07 16:07:08.917 WePicIt[17260:c07] Multi-tasking -> Device: YES, App: YES
2013-09-07 16:07:08.979 WePicIt[17260:c07] Resetting plugins due to page load.
2013-09-07 16:07:09.129 WePicIt[17260:c07] Finished load of: file:///Users/sudheeshkatkam/Library/Application%20Support/iPhone%20Simulator/6.1/Applications/6EC0A860-712E-41A6-8A2A-D2B796087227/WePicIt.app/www/index.html
Terminating in response to SpringBoard's termination.
2013-09-07 16:10:02.844 WePicIt[17858:c07] Multi-tasking -> Device: YES, App: YES
2013-09-07 16:10:02.909 WePicIt[17858:c07] Resetting plugins due to page load.
2013-09-07 16:10:02.994 WePicIt[17858:c07] Finished load of: file:///Users/sudheeshkatkam/Library/Application%20Support/iPhone%20Simulator/6.1/Applications/6EC0A860-712E-41A6-8A2A-D2B796087227/WePicIt.app/www/index.html
Terminating in response to SpringBoard's termination.
2013-09-07 16:11:39.462 WePicIt[18704:c07] Multi-tasking -> Device: YES, App: YES
2013-09-07 16:11:39.513 WePicIt[18704:c07] Resetting plugins due to page load.
2013-09-07 16:11:39.610 WePicIt[18704:c07] Finished load of: file:///Users/sudheeshkatkam/Library/Application%20Support/iPhone%20Simulator/6.1/Applications/6EC0A860-712E-41A6-8A2A-D2B796087227/WePicIt.app/www/index.html
Terminating in response to SpringBoard's termination.
2013-09-07 16:22:58.582 WePicIt[21360:c07] Multi-tasking -> Device: YES, App: YES
2013-09-07 16:22:58.681 WePicIt[21360:c07] Resetting plugins due to page load.
2013-09-07 16:22:58.768 WePicIt[21360:c07] Finished load of: file:///Users/sudheeshkatkam/Library/Application%20Support/iPhone%20Simulator/6.1/Applications/6EC0A860-712E-41A6-8A2A-D2B796087227/WePicIt.app/www/index.html
Terminating in response to SpringBoard's termination.
2013-09-07 16:32:24.015 WePicIt[22232:c07] Multi-tasking -> Device: YES, App: YES
2013-09-07 16:32:24.085 WePicIt[22232:c07] Resetting plugins due to page load.
2013-09-07 16:32:24.184 WePicIt[22232:c07] Finished load of: file:///Users/sudheeshkatkam/Library/Application%20Support/iPhone%20Simulator/6.1/Applications/6EC0A860-712E-41A6-8A2A-D2B796087227/WePicIt.app/www/index.html
Terminating in response to SpringBoard's termination.
2013-09-07 16:33:17.934 WePicIt[23071:c07] Multi-tasking -> Device: YES, App: YES
2013-09-07 16:33:17.981 WePicIt[23071:c07] Resetting plugins due to page load.
2013-09-07 16:33:18.108 WePicIt[23071:c07] Finished load of: file:///Users/sudheeshkatkam/Library/Application%20Support/iPhone%20Simulator/6.1/Applications/6EC0A860-712E-41A6-8A2A-D2B796087227/WePicIt.app/www/index.html
Terminating in response to SpringBoard's termination.
2013-09-07 16:35:01.625 WePicIt[24152:c07] Multi-tasking -> Device: YES, App: YES
2013-09-07 16:35:01.738 WePicIt[24152:c07] Resetting plugins due to page load.
2013-09-07 16:35:01.817 WePicIt[24152:c07] Finished load of: file:///Users/sudheeshkatkam/Library/Application%20Support/iPhone%20Simulator/6.1/Applications/B11B94A4-EEB4-4127-A901-453ACE94328C/WePicIt.app/www/index.html
2013-09-07 16:38:58.055 WePicIt[25026:c07] Multi-tasking -> Device: YES, App: YES
2013-09-07 16:38:58.101 WePicIt[25026:c07] Resetting plugins due to page load.
2013-09-07 16:38:58.199 WePicIt[25026:c07] Finished load of: file:///Users/sudheeshkatkam/Library/Application%20Support/iPhone%20Simulator/6.1/Applications/B11B94A4-EEB4-4127-A901-453ACE94328C/WePicIt.app/www/index.html
Terminating in response to SpringBoard's termination.
2013-09-07 16:44:03.082 WePicIt[25953:c07] Multi-tasking -> Device: YES, App: YES
2013-09-07 16:44:03.116 WePicIt[25953:c07] Resetting plugins due to page load.
2013-09-07 16:44:03.195 WePicIt[25953:c07] Finished load of: file:///Users/sudheeshkatkam/Library/Application%20Support/iPhone%20Simulator/6.1/Applications/B11B94A4-EEB4-4127-A901-453ACE94328C/WePicIt.app/www/index.html
Terminating in response to SpringBoard's termination.
2013-09-07 16:50:25.146 WePicIt[26862:c07] Multi-tasking -> Device: YES, App: YES
2013-09-07 16:50:25.197 WePicIt[26862:c07] Resetting plugins due to page load.
2013-09-07 16:50:25.287 WePicIt[26862:c07] Finished load of: file:///Users/sudheeshkatkam/Library/Application%20Support/iPhone%20Simulator/6.1/Applications/B11B94A4-EEB4-4127-A901-453ACE94328C/WePicIt.app/www/index.html
Terminating in response to SpringBoard's termination.
2013-09-07 16:54:32.860 WePicIt[27716:c07] Multi-tasking -> Device: YES, App: YES
2013-09-07 16:54:32.927 WePicIt[27716:c07] Resetting plugins due to page load.
2013-09-07 16:54:33.031 WePicIt[27716:c07] Finished load of: file:///Users/sudheeshkatkam/Library/Application%20Support/iPhone%20Simulator/6.1/Applications/B11B94A4-EEB4-4127-A901-453ACE94328C/WePicIt.app/www/index.html
Terminating in response to SpringBoard's termination.
2013-09-07 16:56:45.910 WePicIt[28560:c07] Multi-tasking -> Device: YES, App: YES
2013-09-07 16:56:45.975 WePicIt[28560:c07] Resetting plugins due to page load.
2013-09-07 16:56:46.081 WePicIt[28560:c07] Finished load of: file:///Users/sudheeshkatkam/Library/Application%20Support/iPhone%20Simulator/6.1/Applications/B11B94A4-EEB4-4127-A901-453ACE94328C/WePicIt.app/www/index.html
Terminating in response to SpringBoard's termination.
2013-09-07 17:00:48.896 WePicIt[29445:c07] Multi-tasking -> Device: YES, App: YES
2013-09-07 17:00:49.007 WePicIt[29445:c07] Resetting plugins due to page load.
2013-09-07 17:00:49.162 WePicIt[29445:c07] Finished load of: file:///Users/sudheeshkatkam/Library/Application%20Support/iPhone%20Simulator/6.1/Applications/B11B94A4-EEB4-4127-A901-453ACE94328C/WePicIt.app/www/index.html
Terminating in response to SpringBoard's termination.
